nohup: 忽略输入
[32m>[0m Building NixOS configuration
[?25l[?2026h[35;1mwarning:[0m Git tree '/home/rxda/Documents/my-nixos-config' is dirty
[1m⏱ 0s[0m[?2026l[?2026h[1G[2K[1m⏱ 0s[0m[?2026l[?2026h[1G[2K[1m[32mFinished at 09:16:11 after 0s[0m[0m[?2026l[?25h
[1m<<<[0m /run/current-system
[1m>>>[0m /nix/store/xja3ffn46grh9w51g8p2mwmw9mgn9yni-nixos-system-link-eq12-26.05.20260405.68d8aa3

[1mCHANGED[0m
[[1;96mU[0m.] antigravity                                       [33m1[0m.[33m2[0m[31m0[0m.[31m6[0m -> [33m1[0m.[33m2[0m[32m1[0m.[32m9[0m
[[1;96mU[0m[1m*[0m] [1mbind                                              [0m[33m9[0m.[33m20[0m.[31m1[0m[31m8[0m-[33mdnsutils[0m, [33m9[0m.[33m20[0m.[31m1[0m[31m8[0m-[33mhost[0m, [33m9[0m.[33m20[0m.[31m1[0m[31m8[0m-[33mlib[0m, [33m9[0m.[33m20[0m.[31m1[0m[31m8[0m-[33mman[0m -> [33m9[0m.[33m20[0m.[32m2[0m[32m1[0m-[33mdnsutils[0m, [33m9[0m.[33m20[0m.[32m2[0m[32m1[0m-[33mhost[0m, [33m9[0m.[33m20[0m.[32m2[0m[32m1[0m-[33mlib[0m, [33m9[0m.[33m20[0m.[32m2[0m[32m1[0m-[33mman[0m
[[1;96mU[0m.] biome                                             [33m2[0m.[33m4[0m.[31m9[0m -> [33m2[0m.[33m4[0m.[32m1[0m[32m0[0m
[[1;96mU[0m.] datagrip                                          [33m2[0m[33m0[0m[33m2[0m[31m5[0m.[31m3[0m.[31m5[0m -> [33m2[0m[33m0[0m[33m2[0m[32m6[0m.[32m1[0m.[32m1[0m
[[1;96mU[0m.] delta                                             [33m0[0m.[33m19[0m.[31m1[0m -> [33m0[0m.[33m19[0m.[32m2[0m
[[1;96mU[0m.] deno                                              [33m2[0m.[31m6[0m.[31m1[0m[31m0[0m -> [33m2[0m.[32m7[0m.[32m9[0m
[[1;96mU[0m[1m*[0m] [1mdocker                                            [0m[33m29[0m.[33m3[0m.[31m0[0m -> [33m29[0m.[33m3[0m.[32m1[0m
[[1;96mU[0m.] docker-containerd                                 [33m29[0m.[33m3[0m.[31m0[0m -> [33m29[0m.[33m3[0m.[32m1[0m
[[1;96mU[0m.] docker-runc                                       [33m29[0m.[33m3[0m.[31m0[0m -> [33m29[0m.[33m3[0m.[32m1[0m
[[1;96mU[0m.] docker-tini                                       [33m29[0m.[33m3[0m.[31m0[0m -> [33m29[0m.[33m3[0m.[32m1[0m
[[1;96mU[0m.] fastfetch                                         [33m2[0m.[33m6[0m[31m0[0m.[33m0[0m, [33m2[0m.[33m6[0m[31m0[0m.[33m0[0m-[33mman[0m -> [33m2[0m.[33m6[0m[32m1[0m.[33m0[0m, [33m2[0m.[33m6[0m[32m1[0m.[33m0[0m-[33mman[0m
[[1;96mU[0m.] freerdp                                           [33m3[0m.[33m24[0m.[31m1[0m -> [33m3[0m.[33m24[0m.[32m2[0m
[[1;96mU[0m.] fzf                                               [33m0[0m.[33m7[0m[31m0[0m.[33m0[0m -> [33m0[0m.[33m7[0m[32m1[0m.[33m0[0m
[[1;96mU[0m.] google-chrome                                     [33m146[0m.[33m0[0m.[33m7680[0m.[33m1[0m[31m6[0m[31m4[0m -> [33m146[0m.[33m0[0m.[33m7680[0m.[33m1[0m[32m7[0m[32m7[0m
[[1;96mU[0m.] idea                                              [33m2[0m[33m0[0m[33m2[0m[31m5[0m.[31m3[0m.[31m4[0m -> [33m2[0m[33m0[0m[33m2[0m[32m6[0m.[32m1[0m
[[1;96mU[0m.] initrd-linux                                      [33m6[0m.[33m19[0m.[33m1[0m[31m0[0m -> [33m6[0m.[33m19[0m.[33m1[0m[32m1[0m
[[1;96mU[0m.] libiscsi                                          [33m1[0m.[33m20[0m.[31m0[0m -> [33m1[0m.[33m20[0m.[32m3[0m
[[1;96mU[0m[1m*[0m] [1mlibvirt                                           [0m[33m12[0m.[31m1[0m.[33m0[0m -> [33m12[0m.[32m2[0m.[33m0[0m
[[1;96mU[0m.] linux                                             [33m6[0m.[33m19[0m.[33m1[0m[31m0[0m, [33m6[0m.[33m19[0m.[33m1[0m[31m0[0m-[33mmodules[0m ×[33m2[0m -> [33m6[0m.[33m19[0m.[33m1[0m[32m1[0m, [33m6[0m.[33m19[0m.[33m1[0m[32m1[0m-[33mmodules[0m ×[33m2[0m
[[1;96mU[0m.] lowdown                                           [31m2[0m.[33m0[0m.[31m4[0m-[33mlib[0m -> [32m3[0m.[33m0[0m.[32m1[0m-[33mlib[0m
[[1;96mU[0m.] mesa                                              [33m26[0m.[33m0[0m.[31m3[0m ×[33m2[0m -> [33m26[0m.[33m0[0m.[32m4[0m ×[33m2[0m
[[1;96mU[0m.] moby                                              [33m29[0m.[33m3[0m.[31m0[0m -> [33m29[0m.[33m3[0m.[32m1[0m
[[1;96mU[0m.] ngtcp2                                            [33m1[0m.[33m2[0m[31m1[0m.[33m0[0m, [3;34m<others>[0m -> [33m1[0m.[33m2[0m[32m2[0m.[33m0[0m, [3;34m<others>[0m
[[1;33mC[0m[1m*[0m] [1mnix                                               [0m[33m2[0m.[33m31[0m.[33m3[0m ×[33m2[0m, [33m2[0m.[33m31[0m.[33m3[0m-[33mdoc[0m, [33m2[0m.[33m31[0m.[33m3[0m-[33mman[0m -> [33m2[0m.[33m31[0m.[33m3[0m+[32m1[0m ×[33m2[0m, [33m2[0m.[33m31[0m.[33m3[0m+[32m1[0m-[33mdoc[0m, [33m2[0m.[33m31[0m.[33m3[0m+[32m1[0m-[33mman[0m
[[1;96mU[0m.] nix-cmd                                           [33m2[0m.[33m30[0m.[33m3[0m+[31m1[0m, [33m2[0m.[33m31[0m.[33m3[0m -> [33m2[0m.[33m30[0m.[33m3[0m+[32m2[0m, [33m2[0m.[33m31[0m.[33m3[0m+[32m1[0m
[[1;96mU[0m.] nix-expr                                          [33m2[0m.[33m30[0m.[33m3[0m+[31m1[0m, [33m2[0m.[33m31[0m.[33m3[0m -> [33m2[0m.[33m30[0m.[33m3[0m+[32m2[0m, [33m2[0m.[33m31[0m.[33m3[0m+[32m1[0m
[[1;96mU[0m.] nix-fetchers                                      [33m2[0m.[33m30[0m.[33m3[0m+[31m1[0m, [33m2[0m.[33m31[0m.[33m3[0m -> [33m2[0m.[33m30[0m.[33m3[0m+[32m2[0m, [33m2[0m.[33m31[0m.[33m3[0m+[32m1[0m
[[1;96mU[0m.] nix-flake                                         [33m2[0m.[33m30[0m.[33m3[0m+[31m1[0m, [33m2[0m.[33m31[0m.[33m3[0m -> [33m2[0m.[33m30[0m.[33m3[0m+[32m2[0m, [33m2[0m.[33m31[0m.[33m3[0m+[32m1[0m
[[1;96mU[0m.] nix-main                                          [33m2[0m.[33m30[0m.[33m3[0m+[31m1[0m, [33m2[0m.[33m31[0m.[33m3[0m -> [33m2[0m.[33m30[0m.[33m3[0m+[32m2[0m, [33m2[0m.[33m31[0m.[33m3[0m+[32m1[0m
[[1;33mC[0m.] nix-manual                                        [33m2[0m.[33m31[0m.[33m3[0m, [33m2[0m.[33m31[0m.[33m3[0m-[33mman[0m -> [33m2[0m.[33m31[0m.[33m3[0m+[32m1[0m, [33m2[0m.[33m31[0m.[33m3[0m+[32m1[0m-[33mman[0m
[[1;96mU[0m.] nix-store                                         [33m2[0m.[33m30[0m.[33m3[0m+[31m1[0m, [33m2[0m.[33m31[0m.[33m3[0m -> [33m2[0m.[33m30[0m.[33m3[0m+[32m2[0m, [33m2[0m.[33m31[0m.[33m3[0m+[32m1[0m
[[1;96mU[0m.] nix-util                                          [33m2[0m.[33m30[0m.[33m3[0m+[31m1[0m, [33m2[0m.[33m31[0m.[33m3[0m -> [33m2[0m.[33m30[0m.[33m3[0m+[32m2[0m, [33m2[0m.[33m31[0m.[33m3[0m+[32m1[0m
[[1;96mU[0m.] nixos-system-link-eq12                            [33m26[0m.[33m05[0m.[33m2[0m[33m0[0m[33m2[0m[33m6[0m[33m0[0m[31m3[0m[31m2[0m[31m8[0m.[31m8[0m[31m1[0m[31m1[0m[31m0[0m[31md[0m[31mf[0m[31m5[0m -> [33m26[0m.[33m05[0m.[33m2[0m[33m0[0m[33m2[0m[33m6[0m[33m0[0m[32m4[0m[32m0[0m[32m5[0m.[32m6[0m[32m8[0m[32md[0m[32m8[0m[32ma[0m[32ma[0m[32m3[0m
[[1;96mU[0m.] openvpn                                           [33m2[0m.[33m6[0m.[33m1[0m[31m4[0m -> [33m2[0m.[33m6[0m.[33m1[0m[32m9[0m
[[1;96mU[0m.] openvswitch                                       [33m3[0m.[33m7[0m.[31m0[0m -> [33m3[0m.[33m7[0m.[32m1[0m
[[1;96mU[0m.] python3.13-libvirt                                [33m12[0m.[31m1[0m.[33m0[0m -> [33m12[0m.[32m2[0m.[33m0[0m
[[1;96mU[0m.] python3.13-pygls                                  [33m2[0m.[33m1[0m.[31m0[0m -> [33m2[0m.[33m1[0m.[32m1[0m
[[1;96mU[0m.] reqable                                           [33m3[0m.[33m0[0m.[31m3[0m[31m9[0m -> [33m3[0m.[33m0[0m.[32m4[0m[32m0[0m
[[1;96mU[0m.] rime-ice                                          [33m2[0m[33m0[0m[33m2[0m[31m5[0m.[31m1[0m[31m2[0m.[31m0[0m[31m8[0m -> [33m2[0m[33m0[0m[33m2[0m[32m6[0m.[32m0[0m[32m3[0m.[32m2[0m[32m6[0m
[[1;96mU[0m[1m*[0m] [1msing-box                                          [0m[33m1[0m.[33m13[0m.[31m4[0m -> [33m1[0m.[33m13[0m.[32m5[0m
[[1;96mU[0m.] vips                                              [33m8[0m.[33m18[0m.[31m1[0m -> [33m8[0m.[33m18[0m.[32m2[0m
[[1;96mU[0m.] vscode                                            [33m1[0m.[33m1[0m[33m1[0m[31m3[0m.[33m0[0m -> [33m1[0m.[33m1[0m[33m1[0m[32m4[0m.[33m0[0m
[[1;96mU[0m.] vscode-extension-janisdd-vscode-edit-csv          [33m0[0m.[33m11[0m.[31m8[0m -> [33m0[0m.[33m11[0m.[32m9[0m
[[1;96mU[0m.] vscode-extension-ms-python-vscode-pylance         [33m2026[0m.[31m1[0m.[33m1[0m[33m0[0m[31m2[0m -> [33m2026[0m.[32m2[0m.[33m1[0m[33m0[0m[32m0[0m
[[1;96mU[0m.] vscode-extension-ms-python-vscode-python-envs     [33m1[0m.[33m2[0m[31m5[0m.[33m1[0m[33m0[0m[31m8[0m[31m5[0m[31m1[0m[31m0[0m[31m1[0m[31m6[0m -> [33m1[0m.[33m2[0m[32m7[0m.[33m1[0m[33m0[0m[32m9[0m[32m3[0m[32m1[0m[32m0[0m[32m0[0m[32m8[0m
[[1;96mU[0m.] vscode-extension-ms-toolsai-jupyter               [33m2025[0m.[33m10[0m.[33m2[0m[33m0[0m[33m2[0m[33m6[0m[33m0[0m[31m3[0m[31m2[0m[31m7[0m[31m0[0m[31m1[0m -> [33m2025[0m.[33m10[0m.[33m2[0m[33m0[0m[33m2[0m[33m6[0m[33m0[0m[32m4[0m[32m0[0m[32m3[0m[32m0[0m[32m1[0m
[[1;96mU[0m.] vscode-extension-ms-vscode-cmake-tools            [33m1[0m.[33m23[0m.[31m3[0m[31m8[0m -> [33m1[0m.[33m23[0m.[32m4[0m[32m3[0m
[[1;96mU[0m.] vscode-extension-ms-vscode-remote-remote-ssh      [33m0[0m.[33m123[0m.[33m2[0m[33m0[0m[33m2[0m[33m6[0m[33m0[0m[33m3[0m[31m2[0m[31m7[0m[31m1[0m[31m5[0m -> [33m0[0m.[33m123[0m.[33m2[0m[33m0[0m[33m2[0m[33m6[0m[33m0[0m[33m3[0m[32m3[0m[32m1[0m[32m1[0m[32m5[0m
[[1;96mU[0m.] vscode-extension-ms-vscode-vscode-typescript-next [33m6[0m.[33m0[0m.[33m2[0m[33m0[0m[33m2[0m[33m6[0m[33m0[0m[31m3[0m[31m2[0m[31m4[0m -> [33m6[0m.[33m0[0m.[33m2[0m[33m0[0m[33m2[0m[33m6[0m[33m0[0m[32m4[0m[32m0[0m[32m1[0m
[[1;96mU[0m.] vscode-extension-rust-lang-rust-analyzer          [33m0[0m.[33m4[0m.[33m2[0m[33m8[0m[31m4[0m[31m6[0m -> [33m0[0m.[33m4[0m.[33m2[0m[33m8[0m[32m5[0m[32m5[0m
[[1;96mU[0m[1m*[0m] [1mwaydroid                                          [0m[33m1[0m.[33m6[0m.[31m1[0m -> [33m1[0m.[33m6[0m.[32m2[0m
[[1;96mU[0m.] webkitgtk                                         [33m2[0m.[33m52[0m.[31m0[0m+[33mabi[0m=[33m4[0m.[33m1[0m, [33m2[0m.[33m52[0m.[31m0[0m+[33mabi[0m=[33m6[0m.[33m0[0m -> [33m2[0m.[33m52[0m.[32m1[0m+[33mabi[0m=[33m4[0m.[33m1[0m, [33m2[0m.[33m52[0m.[32m1[0m+[33mabi[0m=[33m6[0m.[33m0[0m

[1mADDED[0m
[[1;32mA[0m.] unit-network-local-commands.service               [32m<none>[0m
[[1;32mA[0m.] unit-network.target                               [32m<none>[0m
[[1;32mA[0m.] unit-networking-scripted.target                   [32m<none>[0m
[[1;32mA[0m.] unit-polkit-agent-helper-.service                 [32m<none>[0m
[[1;32mA[0m.] unit-script-network-local-commands-start          [32m<none>[0m

[1mREMOVED[0m
[[1;31mR[0m.] hm_gtk4.0gtk.css                                  [31m<none>[0m
[[1;31mR[0m-] tailscale                                         [31m1[0m.[31m96[0m.[31m4[0m
[[1;31mR[0m.] unit-network-local-commands.service-disabled      [31m<none>[0m
[[1;31mR[0m.] unit-network-setup.service                        [31m<none>[0m
[[1;31mR[0m.] unit-script-network-setup-start                   [31m<none>[0m
[[1;31mR[0m.] unit-script-tailscaled-set-start                  [31m<none>[0m
[[1;31mR[0m.] unit-tailscaled-set.service                       [31m<none>[0m
[[1;31mR[0m.] unit-tailscaled.service                           [31m<none>[0m
[[1;31mR[0m.] wolfssl-all                                       [31m5[0m.[31m8[0m.[31m4[0m-[31mlib[0m

[1mSIZE[0m: [31m30.5 GiB[0m -> [32m30.8 GiB[0m
[1mDIFF[0m: [32m250 MiB[0m
[32m>[0m Activating configuration
Checking switch inhibitors... done
stopping the following units: accounts-daemon.service, cups.service, cups.socket, docker.service, docker.socket, gnome-remote-desktop.service, network-setup.service, samba-smbd.service, samba-winbindd.service, tailscaled.service, udisks2.service, waydroid-container.service
NOT restarting the following changed units: display-manager.service, libvirt-guests.service, systemd-zram-setup@zram0.service
activating the configuration...
reloading user units for rxda...
restarting sysinit-reactivation.target
reloading the following units: dbus.service, nftables.service
restarting the following units: home-manager-rxda.service, nix-daemon.service, polkit.service, systemd-udevd.service
starting the following units: accounts-daemon.service, cups.socket, docker.socket, gnome-remote-desktop.service, samba-smbd.service, samba-winbindd.service, udisks2.service, waydroid-container.service
the following new units were started: NetworkManager-dispatcher.service, sing-box.service, sys-devices-virtual-net-tun0.device, sys-subsystem-net-devices-tun0.device, sysinit-reactivation.target, systemd-tmpfiles-resetup.service
[32m>[0m Adding configuration to bootloader
Not checking switch inhibitors (action = boot)
